Problem:    sp
Rows:       4
Columns:    16
Non-zeros:  34
Status:     OPTIMAL
Objective:  PATH_COST = 11 (MINimum)

   No.   Row name   St   Activity     Lower bound   Upper bound    Marginal
------ ------------ -- ------------- ------------- ------------- -------------
     1 PATH_COST    B             11                             
     2 SOURCE[1]    NS             1             1             =            12 
     3 INTERNAL[2]  NS             0            -0             =             7 
     4 INTERNAL[3]  NS             0            -0             =             4 

   No. Column name  St   Activity     Lower bound   Upper bound    Marginal
------ ------------ -- ------------- ------------- ------------- -------------
     1 x[1,1]       NL             0             0             1        100000 
     2 x[1,2]       NU             1             0             1         < eps
     3 x[1,3]       B              0             0             1 
     4 x[1,4]       NL             0             0             1         99988 
     5 x[2,1]       NL             0             0             1        100005 
     6 x[2,2]       NL             0             0             1        100000 
     7 x[2,3]       NU             1             0             1            -1 
     8 x[2,4]       B              0             0             1 
     9 x[3,1]       NL             0             0             1        100008 
    10 x[3,2]       NL             0             0             1        100003 
    11 x[3,3]       NL             0             0             1        100000 
    12 x[3,4]       B              1             0             1 
    13 x[4,1]       NL             0             0             1        100012 
    14 x[4,2]       NL             0             0             1        100007 
    15 x[4,3]       NL             0             0             1        100004 
    16 x[4,4]       NL             0             0             1        100000 

Karush-Kuhn-Tucker optimality conditions:

KKT.PE: max.abs.err = 0.00e+00 on row 0
        max.rel.err = 0.00e+00 on row 0
        High quality

KKT.PB: max.abs.err = 0.00e+00 on row 0
        max.rel.err = 0.00e+00 on row 0
        High quality

KKT.DE: max.abs.err = 0.00e+00 on column 0
        max.rel.err = 0.00e+00 on column 0
        High quality

KKT.DB: max.abs.err = 0.00e+00 on row 0
        max.rel.err = 0.00e+00 on row 0
        High quality

End of output
