Problem:    graph
Rows:       132
Columns:    42 (42 integer, 42 binary)
Non-zeros:  412
Status:     INTEGER OPTIMAL
Objective:  NUM_COLOR = 4 (MINimum)

   No.   Row name        Activity     Lower bound   Upper bound
------ ------------    ------------- ------------- -------------
     1 NUM_COLOR                   4                             
     2 X[1]                        1             1             = 
     3 X[2]                        1             1             = 
     4 X[3]                        1             1             = 
     5 X[4]                        1             1             = 
     6 X[5]                        1             1             = 
     7 X[6]                        1             1             = 
     8 XX[1,2,1]                   0                          -0 
     9 XX[1,2,2]                   0                          -0 
    10 XX[1,2,3]                  -1                          -0 
    11 XX[1,2,4]                  -1                          -0 
    12 XX[1,2,5]                   0                          -0 
    13 XX[1,2,6]                   0                          -0 
    14 XX[1,3,1]                  -1                          -0 
    15 XX[1,3,2]                   0                          -0 
    16 XX[1,3,3]                   0                          -0 
    17 XX[1,3,4]                  -1                          -0 
    18 XX[1,3,5]                   0                          -0 
    19 XX[1,3,6]                   0                          -0 
    20 XX[2,1,1]                   0                          -0 
    21 XX[2,1,2]                   0                          -0 
    22 XX[2,1,3]                  -1                          -0 
    23 XX[2,1,4]                  -1                          -0 
    24 XX[2,1,5]                   0                          -0 
    25 XX[2,1,6]                   0                          -0 
    26 XX[2,3,1]                   0                          -0 
    27 XX[2,3,2]                  -1                          -0 
    28 XX[2,3,3]                   0                          -0 
    29 XX[2,3,4]                  -1                          -0 
    30 XX[2,3,5]                   0                          -0 
    31 XX[2,3,6]                   0                          -0 
    32 XX[2,4,1]                   0                          -0 
    33 XX[2,4,2]                   0                          -0 
    34 XX[2,4,3]                  -1                          -0 
    35 XX[2,4,4]                  -1                          -0 
    36 XX[2,4,5]                   0                          -0 
    37 XX[2,4,6]                   0                          -0 
    38 XX[2,5,1]                   0                          -0 
    39 XX[2,5,2]                  -1                          -0 
    40 XX[2,5,3]                  -1                          -0 
    41 XX[2,5,4]                   0                          -0 
    42 XX[2,5,5]                   0                          -0 
    43 XX[2,5,6]                   0                          -0 
    44 XX[3,1,1]                  -1                          -0 
    45 XX[3,1,2]                   0                          -0 
    46 XX[3,1,3]                   0                          -0 
    47 XX[3,1,4]                  -1                          -0 
    48 XX[3,1,5]                   0                          -0 
    49 XX[3,1,6]                   0                          -0 
    50 XX[3,2,1]                   0                          -0 
    51 XX[3,2,2]                  -1                          -0 
    52 XX[3,2,3]                   0                          -0 
    53 XX[3,2,4]                  -1                          -0 
    54 XX[3,2,5]                   0                          -0 
    55 XX[3,2,6]                   0                          -0 
    56 XX[3,4,1]                  -1                          -0 
    57 XX[3,4,2]                   0                          -0 
    58 XX[3,4,3]                   0                          -0 
    59 XX[3,4,4]                  -1                          -0 
    60 XX[3,4,5]                   0                          -0 
    61 XX[3,4,6]                   0                          -0 
    62 XX[3,5,1]                  -1                          -0 
    63 XX[3,5,2]                  -1                          -0 
    64 XX[3,5,3]                   0                          -0 
    65 XX[3,5,4]                   0                          -0 
    66 XX[3,5,5]                   0                          -0 
    67 XX[3,5,6]                   0                          -0 
    68 XX[3,6,1]                  -1                          -0 
    69 XX[3,6,2]                   0                          -0 
    70 XX[3,6,3]                   0                          -0 
    71 XX[3,6,4]                  -1                          -0 
    72 XX[3,6,5]                   0                          -0 
    73 XX[3,6,6]                   0                          -0 
    74 XX[4,2,1]                   0                          -0 
    75 XX[4,2,2]                   0                          -0 
    76 XX[4,2,3]                  -1                          -0 
    77 XX[4,2,4]                  -1                          -0 
    78 XX[4,2,5]                   0                          -0 
    79 XX[4,2,6]                   0                          -0 
    80 XX[4,3,1]                  -1                          -0 
    81 XX[4,3,2]                   0                          -0 
    82 XX[4,3,3]                   0                          -0 
    83 XX[4,3,4]                  -1                          -0 
    84 XX[4,3,5]                   0                          -0 
    85 XX[4,3,6]                   0                          -0 
    86 XX[4,5,1]                  -1                          -0 
    87 XX[4,5,2]                   0                          -0 
    88 XX[4,5,3]                  -1                          -0 
    89 XX[4,5,4]                   0                          -0 
    90 XX[4,5,5]                   0                          -0 
    91 XX[4,5,6]                   0                          -0 
    92 XX[5,2,1]                   0                          -0 
    93 XX[5,2,2]                  -1                          -0 
    94 XX[5,2,3]                  -1                          -0 
    95 XX[5,2,4]                   0                          -0 
    96 XX[5,2,5]                   0                          -0 
    97 XX[5,2,6]                   0                          -0 
    98 XX[5,3,1]                  -1                          -0 
    99 XX[5,3,2]                  -1                          -0 
   100 XX[5,3,3]                   0                          -0 
   101 XX[5,3,4]                   0                          -0 
   102 XX[5,3,5]                   0                          -0 
   103 XX[5,3,6]                   0                          -0 
   104 XX[5,4,1]                  -1                          -0 
   105 XX[5,4,2]                   0                          -0 
   106 XX[5,4,3]                  -1                          -0 
   107 XX[5,4,4]                   0                          -0 
   108 XX[5,4,5]                   0                          -0 
   109 XX[5,4,6]                   0                          -0 
   110 XX[5,6,1]                  -1                          -0 
   111 XX[5,6,2]                   0                          -0 
   112 XX[5,6,3]                  -1                          -0 
   113 XX[5,6,4]                   0                          -0 
   114 XX[5,6,5]                   0                          -0 
   115 XX[5,6,6]                   0                          -0 
   116 XX[6,3,1]                  -1                          -0 
   117 XX[6,3,2]                   0                          -0 
   118 XX[6,3,3]                   0                          -0 
   119 XX[6,3,4]                  -1                          -0 
   120 XX[6,3,5]                   0                          -0 
   121 XX[6,3,6]                   0                          -0 
   122 XX[6,5,1]                  -1                          -0 
   123 XX[6,5,2]                   0                          -0 
   124 XX[6,5,3]                  -1                          -0 
   125 XX[6,5,4]                   0                          -0 
   126 XX[6,5,5]                   0                          -0 
   127 XX[6,5,6]                   0                          -0 
   128 YY[1]                       0            -0               
   129 YY[2]                       0            -0               
   130 YY[3]                       0            -0               
   131 YY[4]                       1            -0               
   132 YY[5]                       0            -0               

   No. Column name       Activity     Lower bound   Upper bound
------ ------------    ------------- ------------- -------------
     1 y[1]         *              1             0             1 
     2 y[2]         *              1             0             1 
     3 y[3]         *              1             0             1 
     4 y[4]         *              1             0             1 
     5 y[5]         *              0             0             1 
     6 y[6]         *              0             0             1 
     7 x[1,1]       *              0             0             1 
     8 x[1,2]       *              1             0             1 
     9 x[1,3]       *              0             0             1 
    10 x[1,4]       *              0             0             1 
    11 x[1,5]       *              0             0             1 
    12 x[1,6]       *              0             0             1 
    13 x[2,1]       *              1             0             1 
    14 x[2,2]       *              0             0             1 
    15 x[2,3]       *              0             0             1 
    16 x[2,4]       *              0             0             1 
    17 x[2,5]       *              0             0             1 
    18 x[2,6]       *              0             0             1 
    19 x[3,1]       *              0             0             1 
    20 x[3,2]       *              0             0             1 
    21 x[3,3]       *              1             0             1 
    22 x[3,4]       *              0             0             1 
    23 x[3,5]       *              0             0             1 
    24 x[3,6]       *              0             0             1 
    25 x[4,1]       *              0             0             1 
    26 x[4,2]       *              1             0             1 
    27 x[4,3]       *              0             0             1 
    28 x[4,4]       *              0             0             1 
    29 x[4,5]       *              0             0             1 
    30 x[4,6]       *              0             0             1 
    31 x[5,1]       *              0             0             1 
    32 x[5,2]       *              0             0             1 
    33 x[5,3]       *              0             0             1 
    34 x[5,4]       *              1             0             1 
    35 x[5,5]       *              0             0             1 
    36 x[5,6]       *              0             0             1 
    37 x[6,1]       *              0             0             1 
    38 x[6,2]       *              1             0             1 
    39 x[6,3]       *              0             0             1 
    40 x[6,4]       *              0             0             1 
    41 x[6,5]       *              0             0             1 
    42 x[6,6]       *              0             0             1 

Integer feasibility conditions:

KKT.PE: max.abs.err = 0.00e+00 on row 0
        max.rel.err = 0.00e+00 on row 0
        High quality

KKT.PB: max.abs.err = 0.00e+00 on row 0
        max.rel.err = 0.00e+00 on row 0
        High quality

End of output
